<?xml version="1.0" encoding="UTF-8"?>
<!-- Generated by org.testng.reporters.JUnitReportReporter -->
<testsuite hostname="SHOBHA-PC" failures="0" tests="3" name="Comcast.contact_Test.contact" time="0.018" errors="0" timestamp="21 Sep 2021 11:23:49 GMT" skipped="0">
  <testcase classname="Comcast.contact_Test.contact" name="createContactTest" time="0.014"/>
  <testcase classname="Comcast.contact_Test.contact" name="createContactwithOrgTest" time="0.002"/>
  <testcase classname="Comcast.contact_Test.contact" name="deleteContactTest" time="0.002"/>
</testsuite> <!-- Comcast.contact_Test.contact -->
